{"ts": "2026-03-21T10:40:46.476010+00:00", "action": "auth.register", "status": "failed", "actor_member_id": null, "actor_username": "romit", "details": {"reason": "email_conflict"}}
{"ts": "2026-03-21T10:44:53.636686+00:00", "action": "auth.register", "status": "success", "actor_member_id": 32, "actor_username": "romit", "details": {"role": "admin"}}
{"ts": "2026-03-21T10:57:35.025087+00:00", "action": "bookings.create", "status": "success", "actor_member_id": 32, "actor_username": null, "details": {"booking_id": 54, "ride_id": 2}}
{"ts": "2026-03-21T11:22:05.676612+00:00", "action": "auth.register", "status": "success", "actor_member_id": 26, "actor_username": "romit", "details": {"role": "admin"}}
{"ts": "2026-03-21T11:33:38.871388+00:00", "action": "rides.create", "status": "success", "actor_member_id": 26, "actor_username": null, "details": {"ride_id": 26}}
{"ts": "2026-03-21T11:41:07.199025+00:00", "action": "rides.create", "status": "success", "actor_member_id": 26, "actor_username": null, "details": {"ride_id": 27}}
{"ts": "2026-03-21T12:38:56.494122+00:00", "action": "admin.audit.read", "status": "success", "actor_member_id": 26, "actor_username": "romit", "details": {"limit": 200, "returned": 6}}
{"ts": "2026-03-21T12:38:56.513627+00:00", "action": "admin.audit.read", "status": "success", "actor_member_id": 26, "actor_username": "romit", "details": {"limit": 200, "returned": 7}}
{"ts": "2026-03-21T12:39:15.564415+00:00", "action": "admin.audit.read", "status": "success", "actor_member_id": 26, "actor_username": "romit", "details": {"limit": 200, "returned": 8}}
{"ts": "2026-03-21T12:39:15.595963+00:00", "action": "admin.audit.read", "status": "success", "actor_member_id": 26, "actor_username": "romit", "details": {"limit": 200, "returned": 9}}
{"ts": "2026-03-21T12:39:44.603435+00:00", "action": "admin.audit.read", "status": "success", "actor_member_id": 26, "actor_username": "romit", "details": {"limit": 200, "returned": 10}}
{"ts": "2026-03-21T12:39:44.622446+00:00", "action": "admin.audit.read", "status": "success", "actor_member_id": 26, "actor_username": "romit", "details": {"limit": 200, "returned": 11}}
{"ts": "2026-03-21T16:49:59.597471+00:00", "action": "auth.register", "status": "failed", "actor_member_id": null, "actor_username": "romit", "details": {"reason": "username_conflict"}}
{"ts": "2026-03-21T17:32:29.791620+00:00", "action": "rides.create", "status": "success", "actor_member_id": 26, "actor_username": null, "details": {"ride_id": 28}}
{"ts": "2026-03-21T17:59:47.078100+00:00", "action": "rides.create", "status": "success", "actor_member_id": 26, "actor_username": null, "details": {"ride_id": 29}}
{"ts": "2026-03-21T18:21:42.837390+00:00", "action": "admin.audit.read", "status": "success", "actor_member_id": 26, "actor_username": "romit", "details": {"limit": 200, "returned": 15}}
{"ts": "2026-03-21T18:21:42.854398+00:00", "action": "admin.audit.read", "status": "success", "actor_member_id": 26, "actor_username": "romit", "details": {"limit": 200, "returned": 16}}
{"ts": "2026-03-21T18:24:05.687922+00:00", "action": "admin.audit.read", "status": "success", "actor_member_id": 26, "actor_username": "romit", "details": {"limit": 200, "returned": 17}}
{"ts": "2026-03-21T18:24:05.720935+00:00", "action": "admin.audit.read", "status": "success", "actor_member_id": 26, "actor_username": "romit", "details": {"limit": 200, "returned": 18}}
{"ts": "2026-03-21T18:24:47.666727+00:00", "action": "admin.audit.read", "status": "success", "actor_member_id": 26, "actor_username": "romit", "details": {"limit": 200, "returned": 19}}
{"ts": "2026-03-21T18:24:47.694248+00:00", "action": "admin.audit.read", "status": "success", "actor_member_id": 26, "actor_username": "romit", "details": {"limit": 200, "returned": 20}}
{"ts": "2026-03-21T18:53:10.957143+00:00", "action": "auth.register", "status": "success", "actor_member_id": 26, "actor_username": "romit", "details": {"role": "admin"}}
{"ts": "2026-03-21T18:53:13.996251+00:00", "action": "admin.audit.read", "status": "success", "actor_member_id": 26, "actor_username": "romit", "details": {"limit": 200, "returned": 22}}
{"ts": "2026-03-21T18:53:14.016255+00:00", "action": "admin.audit.read", "status": "success", "actor_member_id": 26, "actor_username": "romit", "details": {"limit": 200, "returned": 23}}
{"ts": "2026-03-21T20:17:39.807894+00:00", "request_id": "7bc08418-fbe2-4de5-9085-4add0a9472e3", "action": "rides.create", "status": "success", "actor_member_id": 26, "actor_username": null, "details": {"ride_id": 26, "chat_message_id": 38}}
{"ts": "2026-03-21T20:18:55.197966+00:00", "request_id": "4c22b5de-549a-43cf-a4f0-1206d0628bb8", "action": "auth.register", "status": "success", "actor_member_id": 27, "actor_username": "test", "details": {"role": "user"}}
{"ts": "2026-03-21T20:30:01.637525+00:00", "request_id": "e89b2fc2-12b5-4fa0-a596-ec91e3198286", "action": "admin.audit.read", "status": "success", "actor_member_id": 26, "actor_username": "romit", "details": {"limit": 200, "returned": 26}}
{"ts": "2026-03-21T20:30:01.667582+00:00", "request_id": "d8fb0040-24ea-4003-bef2-881170fefd9b", "action": "admin.audit.read", "status": "success", "actor_member_id": 26, "actor_username": "romit", "details": {"limit": 200, "returned": 27}}
{"ts": "2026-03-21T20:33:18.242797+00:00", "request_id": "3696eb81-8d5e-43e9-9cb2-491743f49806", "action": "admin.audit.read", "status": "success", "actor_member_id": 26, "actor_username": "romit", "details": {"limit": 200, "returned": 28}}
{"ts": "2026-03-21T20:33:18.348135+00:00", "request_id": "6a380d28-cb23-4560-a401-8d6cb44879d3", "action": "admin.audit.read", "status": "success", "actor_member_id": 26, "actor_username": "romit", "details": {"limit": 200, "returned": 29}}
{"ts": "2026-03-21T20:34:05.084854+00:00", "request_id": "75fb575f-cfb8-4caa-bd4b-a91707e9e5fe", "action": "admin.audit.read", "status": "success", "actor_member_id": 26, "actor_username": "romit", "details": {"limit": 200, "returned": 30}}
{"ts": "2026-03-21T20:34:05.207139+00:00", "request_id": "ef1f0fb0-91c0-4ea1-8839-1d3c24478c32", "action": "admin.audit.read", "status": "success", "actor_member_id": 26, "actor_username": "romit", "details": {"limit": 200, "returned": 31}}
{"ts": "2026-03-21T20:34:05.225141+00:00", "request_id": "49b9e683-2633-4f83-8d53-25b3a305287e", "action": "admin.db_audit.unauthorized_summary", "status": "success", "actor_member_id": 26, "actor_username": "romit", "details": {"rows": 1}}
{"ts": "2026-03-21T20:34:05.234145+00:00", "request_id": "34590bee-7681-4404-9203-ff5e8b1e6aad", "action": "admin.db_audit.unauthorized_read", "status": "success", "actor_member_id": 26, "actor_username": "romit", "details": {"limit": 200, "returned": 1}}
{"ts": "2026-03-21T20:34:05.260674+00:00", "request_id": "f9686b6a-2b9e-4fb6-a317-0a17b719ca92", "action": "admin.db_audit.unauthorized_summary", "status": "success", "actor_member_id": 26, "actor_username": "romit", "details": {"rows": 1}}
{"ts": "2026-03-21T20:34:05.265673+00:00", "request_id": "128c4fa4-893f-452a-9b96-71d77845dcc2", "action": "admin.db_audit.unauthorized_read", "status": "success", "actor_member_id": 26, "actor_username": "romit", "details": {"limit": 200, "returned": 1}}
{"ts": "2026-03-21T20:34:41.084288+00:00", "request_id": "4fafc1c8-6847-4d5a-8958-7eed9227a543", "action": "admin.audit.read", "status": "success", "actor_member_id": 26, "actor_username": "romit", "details": {"limit": 200, "returned": 36}}
{"ts": "2026-03-21T20:34:41.097801+00:00", "request_id": "19a0d784-1a72-4a9a-9cb8-c5166f79bcc0", "action": "admin.db_audit.unauthorized_summary", "status": "success", "actor_member_id": 26, "actor_username": "romit", "details": {"rows": 1}}
{"ts": "2026-03-21T20:34:41.106799+00:00", "request_id": "a008ac7e-6e70-4c4b-95d3-89a8400d246d", "action": "admin.db_audit.unauthorized_read", "status": "success", "actor_member_id": 26, "actor_username": "romit", "details": {"limit": 200, "returned": 1}}
{"ts": "2026-03-21T20:34:41.175828+00:00", "request_id": "9093eb92-c52d-4617-9071-4ac7976cc659", "action": "admin.audit.read", "status": "success", "actor_member_id": 26, "actor_username": "romit", "details": {"limit": 200, "returned": 39}}
{"ts": "2026-03-21T20:34:41.185836+00:00", "request_id": "083b6c24-225a-4b0c-9b2e-7ebab1e6de90", "action": "admin.db_audit.unauthorized_read", "status": "success", "actor_member_id": 26, "actor_username": "romit", "details": {"limit": 200, "returned": 1}}
{"ts": "2026-03-21T20:34:41.234379+00:00", "request_id": "d61deb24-5f6d-4a1e-b138-7c9762377908", "action": "admin.db_audit.unauthorized_summary", "status": "success", "actor_member_id": 26, "actor_username": "romit", "details": {"rows": 1}}
{"ts": "2026-03-21T20:34:47.761075+00:00", "request_id": "0d1ab9cf-c137-4bf2-a4ea-31b4fdf167b2", "action": "admin.audit.read", "status": "success", "actor_member_id": 26, "actor_username": "romit", "details": {"limit": 200, "returned": 42}}
{"ts": "2026-03-21T20:34:47.773084+00:00", "request_id": "2dbf97b3-131b-4df4-9b16-b194ab727d2a", "action": "admin.db_audit.unauthorized_read", "status": "success", "actor_member_id": 26, "actor_username": "romit", "details": {"limit": 200, "returned": 1}}
{"ts": "2026-03-21T20:34:47.774089+00:00", "request_id": "4f407814-e497-480b-99ad-2c6702328a26", "action": "admin.db_audit.unauthorized_summary", "status": "success", "actor_member_id": 26, "actor_username": "romit", "details": {"rows": 1}}
{"ts": "2026-03-21T20:34:47.873858+00:00", "request_id": "c6fc18fc-423b-4707-b9eb-dbaec13b212c", "action": "admin.audit.read", "status": "success", "actor_member_id": 26, "actor_username": "romit", "details": {"limit": 200, "returned": 45}}
{"ts": "2026-03-21T20:34:47.874854+00:00", "request_id": "3181342b-98d2-4c90-b3f7-46a40339efaf", "action": "admin.db_audit.unauthorized_summary", "status": "success", "actor_member_id": 26, "actor_username": "romit", "details": {"rows": 1}}
{"ts": "2026-03-21T20:34:47.889372+00:00", "request_id": "09d6b32f-f1a4-43f0-98d8-a44ed337200c", "action": "admin.db_audit.unauthorized_read", "status": "success", "actor_member_id": 26, "actor_username": "romit", "details": {"limit": 200, "returned": 1}}
{"ts": "2026-03-21T21:09:15.861736+00:00", "request_id": "67acd8fd-028c-40ce-8b21-80a164d5b936", "action": "admin.audit.read", "status": "success", "actor_member_id": 26, "actor_username": "romit", "details": {"limit": 200, "returned": 48}}
{"ts": "2026-03-21T21:09:15.886870+00:00", "request_id": "3f948d5d-d4ac-43dc-a350-e7fb71527708", "action": "admin.db_audit.unauthorized_read", "status": "success", "actor_member_id": 26, "actor_username": "romit", "details": {"limit": 200, "returned": 2}}
{"ts": "2026-03-21T21:09:15.897868+00:00", "request_id": "f26b4ea0-da06-4efd-918a-5ead92198ce2", "action": "admin.db_audit.unauthorized_summary", "status": "success", "actor_member_id": 26, "actor_username": "romit", "details": {"rows": 2}}
{"ts": "2026-03-21T21:09:15.976575+00:00", "request_id": "3a7d4db1-fe6e-4d3e-8225-56c8341f8a2c", "action": "admin.audit.read", "status": "success", "actor_member_id": 26, "actor_username": "romit", "details": {"limit": 200, "returned": 51}}
{"ts": "2026-03-21T21:09:15.982573+00:00", "request_id": "cc763fd1-2157-42fa-9955-721bb38e5089", "action": "admin.db_audit.unauthorized_read", "status": "success", "actor_member_id": 26, "actor_username": "romit", "details": {"limit": 200, "returned": 2}}
{"ts": "2026-03-21T21:09:15.989575+00:00", "request_id": "7c8f4439-1cc6-4563-aa87-46b9de1423db", "action": "admin.db_audit.unauthorized_summary", "status": "success", "actor_member_id": 26, "actor_username": "romit", "details": {"rows": 2}}
{"ts": "2026-03-21T21:41:02.992808+00:00", "request_id": "ec460120-3a48-40a5-9278-9ace536bda47", "action": "admin.audit.read", "status": "success", "actor_member_id": 26, "actor_username": "romit", "details": {"limit": 200, "returned": 54}}
{"ts": "2026-03-21T21:41:03.023823+00:00", "request_id": "6d12e17a-3291-4aa3-b48d-a0a6258c74a2", "action": "admin.db_audit.unauthorized_summary", "status": "success", "actor_member_id": 26, "actor_username": "romit", "details": {"rows": 0}}
{"ts": "2026-03-21T21:41:03.074362+00:00", "request_id": "91929a23-aa44-4233-98aa-8ea012f82e71", "action": "admin.db_audit.unauthorized_read", "status": "success", "actor_member_id": 26, "actor_username": "romit", "details": {"limit": 200, "returned": 0}}
{"ts": "2026-03-21T21:41:03.102876+00:00", "request_id": "807857e3-1d8b-480e-aefb-41d5ab9d1dd0", "action": "admin.audit.read", "status": "success", "actor_member_id": 26, "actor_username": "romit", "details": {"limit": 200, "returned": 57}}
{"ts": "2026-03-21T21:41:03.123888+00:00", "request_id": "d9823862-6808-4e18-8507-12f82a200bdd", "action": "admin.db_audit.unauthorized_summary", "status": "success", "actor_member_id": 26, "actor_username": "romit", "details": {"rows": 0}}
{"ts": "2026-03-21T21:41:03.125885+00:00", "request_id": "fbd58f68-69dc-4060-bd20-38422dc23962", "action": "admin.db_audit.unauthorized_read", "status": "success", "actor_member_id": 26, "actor_username": "romit", "details": {"limit": 200, "returned": 0}}
{"ts": "2026-03-21T21:41:33.653930+00:00", "request_id": "e36f6910-07a5-4ef1-84ea-4b1401cc56a8", "action": "admin.audit.read", "status": "success", "actor_member_id": 26, "actor_username": "romit", "details": {"limit": 200, "returned": 60}}
{"ts": "2026-03-21T21:41:33.687457+00:00", "request_id": "2ce41b32-fec9-4978-af9e-6ca66f5904ea", "action": "admin.db_audit.unauthorized_summary", "status": "success", "actor_member_id": 26, "actor_username": "romit", "details": {"rows": 1}}
{"ts": "2026-03-21T21:41:33.693451+00:00", "request_id": "9eb2d093-7ab9-43de-8048-78438d769079", "action": "admin.db_audit.unauthorized_read", "status": "success", "actor_member_id": 26, "actor_username": "romit", "details": {"limit": 200, "returned": 1}}
{"ts": "2026-03-21T21:41:33.721466+00:00", "request_id": "f37fd0c3-84e9-4e0d-8728-31cd4a73b5c3", "action": "admin.audit.read", "status": "success", "actor_member_id": 26, "actor_username": "romit", "details": {"limit": 200, "returned": 63}}
{"ts": "2026-03-21T21:41:33.736985+00:00", "request_id": "c522e376-df62-461f-b234-c7fadaa6bd22", "action": "admin.db_audit.unauthorized_summary", "status": "success", "actor_member_id": 26, "actor_username": "romit", "details": {"rows": 1}}
{"ts": "2026-03-21T21:41:33.744996+00:00", "request_id": "fdf37af5-5983-4c13-b621-d4cc203476be", "action": "admin.db_audit.unauthorized_read", "status": "success", "actor_member_id": 26, "actor_username": "romit", "details": {"limit": 200, "returned": 1}}
{"ts": "2026-03-22T08:36:59.788961+00:00", "request_id": "f53b7727-3e81-47e4-872b-18862f70707d", "action": "bookings.create", "status": "success", "actor_member_id": 26, "actor_username": null, "details": {"booking_id": 54, "ride_id": 21}}
{"ts": "2026-03-22T08:47:59.864104+00:00", "request_id": "18798211-6002-43d5-b45a-064aee9d25b7", "action": "rides.create", "status": "success", "actor_member_id": 26, "actor_username": null, "details": {"ride_id": 27, "chat_message_id": 39, "host_booking_id": 55, "host_participant_id": 79}}
{"ts": "2026-03-22T08:54:01.322330+00:00", "request_id": "fe01fc18-f49a-4a0d-b1b2-aac919069479", "action": "admin.audit.read", "status": "success", "actor_member_id": 26, "actor_username": "romit", "details": {"limit": 200, "returned": 68}}
{"ts": "2026-03-22T08:54:01.340852+00:00", "request_id": "68c3d9ee-6a6d-4817-a8fd-29672bf975a9", "action": "admin.db_audit.unauthorized_summary", "status": "success", "actor_member_id": 26, "actor_username": "romit", "details": {"rows": 2}}
{"ts": "2026-03-22T08:54:01.405386+00:00", "request_id": "d391b71a-d631-4d81-a7ae-aabab840cce2", "action": "admin.db_audit.unauthorized_read", "status": "success", "actor_member_id": 26, "actor_username": "romit", "details": {"limit": 200, "returned": 2}}
{"ts": "2026-03-22T08:54:01.407387+00:00", "request_id": "5732628c-9e7f-4254-949d-4f25ea17e660", "action": "admin.audit.read", "status": "success", "actor_member_id": 26, "actor_username": "romit", "details": {"limit": 200, "returned": 70}}
{"ts": "2026-03-22T08:54:01.447920+00:00", "request_id": "a169abe6-32f7-451f-bd00-d8b7f3eac33d", "action": "admin.db_audit.unauthorized_summary", "status": "success", "actor_member_id": 26, "actor_username": "romit", "details": {"rows": 2}}
{"ts": "2026-03-22T08:54:01.456920+00:00", "request_id": "998cd790-cf56-438e-82c4-af851403312e", "action": "admin.db_audit.unauthorized_read", "status": "success", "actor_member_id": 26, "actor_username": "romit", "details": {"limit": 200, "returned": 2}}
{"ts": "2026-03-22T09:18:00.725104+00:00", "request_id": "e1a23edb-d40e-46f8-89de-6a9a5901f459", "action": "rides.start", "status": "success", "actor_member_id": 26, "actor_username": null, "details": {"ride_id": 27}}
{"ts": "2026-03-22T09:18:06.248858+00:00", "request_id": "70a60c24-f64f-44c2-ab8c-c0733fe7bc4d", "action": "rides.end", "status": "success", "actor_member_id": 26, "actor_username": null, "details": {"ride_id": 27, "settlements_created": 0}}
{"ts": "2026-03-22T09:22:41.816584+00:00", "request_id": "a5bb7bd0-33fb-4ac3-93e4-680391c987a1", "action": "settlements.auto_generate.bulk", "status": "success", "actor_member_id": 26, "actor_username": null, "details": {"created": 1}}
{"ts": "2026-03-22T09:22:58.164705+00:00", "request_id": "b1b8f612-f5b4-45a0-bb0f-26fc3a2222f2", "action": "settlements.auto_generate", "status": "success", "actor_member_id": 26, "actor_username": null, "details": {"booking_id": 55, "settlement_id": 54}}
{"ts": "2026-03-22T09:23:17.642418+00:00", "request_id": "aecad778-8160-4fdf-b9ee-a24a50d2e645", "action": "settlements.auto_generate", "status": "success", "actor_member_id": 26, "actor_username": null, "details": {"booking_id": 55, "settlement_id": 54}}
{"ts": "2026-03-22T09:23:37.065637+00:00", "request_id": "9f614658-b0f1-4f42-9d6f-cb5df351a1dc", "action": "settlements.update_status", "status": "success", "actor_member_id": 26, "actor_username": null, "details": {"settlement_id": 54, "payment_status": "Settled"}}
{"ts": "2026-03-22T09:23:42.509826+00:00", "request_id": "83e3e828-8d22-474f-9792-115260197664", "action": "settlements.auto_generate", "status": "success", "actor_member_id": 26, "actor_username": null, "details": {"booking_id": 55, "settlement_id": 54}}
{"ts": "2026-03-22T09:38:40.531791+00:00", "request_id": "2e78524d-9cb2-4173-b231-52313681915d", "action": "settlements.auto_generate", "status": "success", "actor_member_id": 26, "actor_username": null, "details": {"booking_id": 55, "settlement_id": 54}}
{"ts": "2026-03-22T09:39:51.262651+00:00", "request_id": "28da6367-5a2c-4f03-a7c0-cd497b98affc", "action": "settlements.auto_generate", "status": "success", "actor_member_id": 26, "actor_username": null, "details": {"booking_id": 55, "settlement_id": 54}}
{"ts": "2026-03-22T09:51:12.480231+00:00", "request_id": "99955be4-42df-4e2f-88de-8db636b4e964", "action": "bookings.create", "status": "success", "actor_member_id": 26, "actor_username": null, "details": {"booking_id": 56, "ride_id": 23}}
{"ts": "2026-03-22T09:56:58.554455+00:00", "request_id": "b8c3b716-331f-495b-9122-3f6e199dcc62", "action": "bookings.create", "status": "failed", "actor_member_id": 26, "actor_username": null, "details": {"reason": "duplicate", "ride_id": 23}}
{"ts": "2026-03-22T09:57:37.426567+00:00", "request_id": "e47b822f-0694-4bbe-b445-3ae0f09587f9", "action": "bookings.create", "status": "success", "actor_member_id": 26, "actor_username": null, "details": {"booking_id": 57, "ride_id": 22}}
{"ts": "2026-03-22T10:00:22.332545+00:00", "request_id": "897fd6b1-cea5-4608-8972-2f8cb5d38a99", "action": "rides.create", "status": "success", "actor_member_id": 26, "actor_username": null, "details": {"ride_id": 28, "chat_message_id": 40, "host_booking_id": 58, "host_participant_id": 80}}
{"ts": "2026-03-22T10:03:40.131667+00:00", "request_id": "de4c9111-1485-4772-a01c-9fee137b0ff5", "action": "rides.create", "status": "success", "actor_member_id": 26, "actor_username": null, "details": {"ride_id": 29, "chat_message_id": 41, "host_booking_id": 59, "host_participant_id": 81}}
{"ts": "2026-03-22T10:04:15.492060+00:00", "request_id": "75467a41-05fd-4275-a45f-6217f6a70c58", "action": "rides.start", "status": "success", "actor_member_id": 26, "actor_username": null, "details": {"ride_id": 29}}
{"ts": "2026-03-22T10:04:15.986850+00:00", "request_id": "0f07f1a8-4d20-4572-a7b8-ee231c58ac21", "action": "rides.end", "status": "success", "actor_member_id": 26, "actor_username": null, "details": {"ride_id": 29, "settlements_created": 0}}
{"ts": "2026-03-22T10:04:19.861019+00:00", "request_id": "113ccd1e-73d0-4fdb-a333-e83bd3c08094", "action": "settlements.auto_generate.bulk", "status": "success", "actor_member_id": 26, "actor_username": null, "details": {"created": 1}}
{"ts": "2026-03-22T10:07:40.235383+00:00", "request_id": "ca4d4a9e-0258-45c3-87ea-51478e81cdf5", "action": "settlements.update_status", "status": "success", "actor_member_id": 26, "actor_username": null, "details": {"settlement_id": 55, "payment_status": "Settled"}}
{"ts": "2026-03-22T10:07:47.015126+00:00", "request_id": "8188c619-c1ba-49ce-9c92-65853ffdf366", "action": "settlements.auto_generate", "status": "success", "actor_member_id": 26, "actor_username": null, "details": {"booking_id": 59, "settlement_id": 55}}
{"ts": "2026-03-22T10:42:30.057187+00:00", "request_id": "923e490e-4a92-42e6-b70f-dba530c35871", "action": "admin.audit.read", "status": "success", "actor_member_id": 26, "actor_username": "romit", "details": {"limit": 200, "returned": 93}}
{"ts": "2026-03-22T10:42:30.084197+00:00", "request_id": "89a2f572-fac5-4849-9c01-4e3e202c9a61", "action": "admin.db_audit.unauthorized_summary", "status": "success", "actor_member_id": 26, "actor_username": "romit", "details": {"rows": 2}}
{"ts": "2026-03-22T10:42:30.104204+00:00", "request_id": "ef339b32-d27b-45ea-9ae5-689deab8367d", "action": "admin.db_audit.unauthorized_read", "status": "success", "actor_member_id": 26, "actor_username": "romit", "details": {"limit": 200, "returned": 4}}
{"ts": "2026-03-22T10:42:30.195303+00:00", "request_id": "fcc7c540-2f3f-4de3-ba16-4f82ec28c923", "action": "admin.audit.read", "status": "success", "actor_member_id": 26, "actor_username": "romit", "details": {"limit": 200, "returned": 96}}
{"ts": "2026-03-22T10:42:30.216827+00:00", "request_id": "170e3a0e-6fb6-4afc-af15-ff572ba99eb3", "action": "admin.db_audit.unauthorized_read", "status": "success", "actor_member_id": 26, "actor_username": "romit", "details": {"limit": 200, "returned": 4}}
{"ts": "2026-03-22T10:42:30.223828+00:00", "request_id": "d9a4336d-529b-4a28-8b7a-84acc3dc9f1b", "action": "admin.db_audit.unauthorized_summary", "status": "success", "actor_member_id": 26, "actor_username": "romit", "details": {"rows": 2}}
{"ts": "2026-03-22T10:44:40.972277+00:00", "request_id": "5073ece2-c5b7-475f-af19-de685be4ba93", "action": "rides.create", "status": "success", "actor_member_id": 26, "actor_username": null, "details": {"ride_id": 30, "chat_message_id": 42, "host_booking_id": 60, "host_participant_id": 82}}
{"ts": "2026-03-22T10:54:34.639769+00:00", "request_id": "bb36b211-fd83-44cf-ac32-444621d5670a", "action": "rides.create", "status": "success", "actor_member_id": 26, "actor_username": null, "details": {"ride_id": 31, "chat_message_id": 43, "host_booking_id": 61, "host_participant_id": 83}}